<?xml version="1.0" encoding="UTF-8"?>
<testsuite xmlns:xsi="http://www.w3.org/2001/XMLSchema-instance" xsi:noNamespaceSchemaLocation="https://maven.apache.org/surefire/maven-surefire-plugin/xsd/surefire-test-report-3.0.xsd" version="3.0" name="testRunner.testRunTest" time="113.008" tests="0" errors="0" skipped="0" failures="0">
  <properties>
    <property name="gopherProxySet" value="false"/>
    <property name="awt.toolkit" value="sun.lwawt.macosx.LWCToolkit"/>
    <property name="file.encoding.pkg" value="sun.io"/>
    <property name="java.specification.version" value="1.8"/>
    <property name="webdriver.chrome.driver" value="/Users/jayashreehemmige/Documents/drivers/chromedriver"/>
    <property name="sun.cpu.isalist" value=""/>
    <property name="sun.jnu.encoding" value="UTF-8"/>
    <property name="java.class.path" value="/Users/jayashreehemmige/eclipse-workspace/cucumber_nop_ecommerce_maven/target/test-classes:/Users/jayashreehemmige/eclipse-workspace/cucumber_nop_ecommerce_maven/target/classes:/Users/jayashreehemmige/.m2/repository/junit/junit/4.11/junit-4.11.jar:/Users/jayashreehemmige/.m2/repository/log4j/log4j/1.2.17/log4j-1.2.17.jar:/Users/jayashreehemmige/.m2/repository/org/apache/maven/plugins/maven-surefire-plugin/3.0.0-M5/maven-surefire-plugin-3.0.0-M5.jar:/Users/jayashreehemmige/.m2/repository/org/apache/maven/surefire/maven-surefire-common/3.0.0-M5/maven-surefire-common-3.0.0-M5.jar:/Users/jayashreehemmige/.m2/repository/org/apache/maven/surefire/surefire-api/3.0.0-M5/surefire-api-3.0.0-M5.jar:/Users/jayashreehemmige/.m2/repository/org/apache/maven/surefire/surefire-logger-api/3.0.0-M5/surefire-logger-api-3.0.0-M5.jar:/Users/jayashreehemmige/.m2/repository/org/apache/maven/surefire/surefire-extensions-api/3.0.0-M5/surefire-extensions-api-3.0.0-M5.jar:/Users/jayashreehemmige/.m2/repository/org/apache/maven/surefire/surefire-booter/3.0.0-M5/surefire-booter-3.0.0-M5.jar:/Users/jayashreehemmige/.m2/repository/org/apache/maven/surefire/surefire-extensions-spi/3.0.0-M5/surefire-extensions-spi-3.0.0-M5.jar:/Users/jayashreehemmige/.m2/repository/org/apache/maven/maven-toolchain/3.0-alpha-2/maven-toolchain-3.0-alpha-2.jar:/Users/jayashreehemmige/.m2/repository/org/apache/maven/shared/maven-artifact-transfer/0.11.0/maven-artifact-transfer-0.11.0.jar:/Users/jayashreehemmige/.m2/repository/org/apache/maven/shared/maven-common-artifact-filters/3.0.1/maven-common-artifact-filters-3.0.1.jar:/Users/jayashreehemmige/.m2/repository/org/apache/maven/maven-model/3.0/maven-model-3.0.jar:/Users/jayashreehemmige/.m2/repository/org/apache/maven/maven-plugin-api/3.0/maven-plugin-api-3.0.jar:/Users/jayashreehemmige/.m2/repository/org/sonatype/sisu/sisu-inject-plexus/1.4.2/sisu-inject-plexus-1.4.2.jar:/Users/jayashreehemmige/.m2/repository/org/codehaus/plexus/plexus-classworlds/2.2.3/plexus-classworlds-2.2.3.jar:/Users/jayashreehemmige/.m2/repository/org/sonatype/sisu/sisu-inject-bean/1.4.2/sisu-inject-bean-1.4.2.jar:/Users/jayashreehemmige/.m2/repository/org/sonatype/sisu/sisu-guice/2.1.7/sisu-guice-2.1.7-noaop.jar:/Users/jayashreehemmige/.m2/repository/org/apache/maven/shared/maven-shared-utils/3.1.0/maven-shared-utils-3.1.0.jar:/Users/jayashreehemmige/.m2/repository/commons-codec/commons-codec/1.11/commons-codec-1.11.jar:/Users/jayashreehemmige/.m2/repository/org/codehaus/plexus/plexus-java/1.0.5/plexus-java-1.0.5.jar:/Users/jayashreehemmige/.m2/repository/com/thoughtworks/qdox/qdox/2.0-M9/qdox-2.0-M9.jar:/Users/jayashreehemmige/.m2/repository/org/apache/maven/surefire/surefire-shared-utils/3.0.0-M4/surefire-shared-utils-3.0.0-M4.jar:/Users/jayashreehemmige/.m2/repository/io/cucumber/cucumber-core/7.1.0/cucumber-core-7.1.0.jar:/Users/jayashreehemmige/.m2/repository/io/cucumber/cucumber-gherkin/7.1.0/cucumber-gherkin-7.1.0.jar:/Users/jayashreehemmige/.m2/repository/io/cucumber/cucumber-gherkin-messages/7.1.0/cucumber-gherkin-messages-7.1.0.jar:/Users/jayashreehemmige/.m2/repository/io/cucumber/messages/17.1.1/messages-17.1.1.jar:/Users/jayashreehemmige/.m2/repository/io/cucumber/tag-expressions/4.1.0/tag-expressions-4.1.0.jar:/Users/jayashreehemmige/.m2/repository/io/cucumber/cucumber-expressions/13.0.1/cucumber-expressions-13.0.1.jar:/Users/jayashreehemmige/.m2/repository/io/cucumber/datatable/7.1.0/datatable-7.1.0.jar:/Users/jayashreehemmige/.m2/repository/io/cucumber/cucumber-plugin/7.1.0/cucumber-plugin-7.1.0.jar:/Users/jayashreehemmige/.m2/repository/io/cucumber/docstring/7.1.0/docstring-7.1.0.jar:/Users/jayashreehemmige/.m2/repository/io/cucumber/html-formatter/17.0.0/html-formatter-17.0.0.jar:/Users/jayashreehemmige/.m2/repository/io/cucumber/create-meta/6.0.4/create-meta-6.0.4.jar:/Users/jayashreehemmige/.m2/repository/org/apiguardian/apiguardian-api/1.1.2/apiguardian-api-1.1.2.jar:/Users/jayashreehemmige/.m2/repository/io/cucumber/cucumber-html/0.2.7/cucumber-html-0.2.7.jar:/Users/jayashreehemmige/.m2/repository/net/sourceforge/cobertura/cobertura/2.1.1/cobertura-2.1.1.jar:/Users/jayashreehemmige/.m2/repository/org/ow2/asm/asm/5.0.1/asm-5.0.1.jar:/Users/jayashreehemmige/.m2/repository/org/ow2/asm/asm-tree/5.0.1/asm-tree-5.0.1.jar:/Users/jayashreehemmige/.m2/repository/org/ow2/asm/asm-commons/5.0.1/asm-commons-5.0.1.jar:/Users/jayashreehemmige/.m2/repository/org/ow2/asm/asm-util/5.0.1/asm-util-5.0.1.jar:/Users/jayashreehemmige/.m2/repository/org/ow2/asm/asm-analysis/5.0.1/asm-analysis-5.0.1.jar:/Users/jayashreehemmige/.m2/repository/oro/oro/2.0.8/oro-2.0.8.jar:/Users/jayashreehemmige/.m2/repository/jaxen/jaxen/1.1.4/jaxen-1.1.4.jar:/Users/jayashreehemmige/.m2/repository/org/apache/ant/ant/1.8.3/ant-1.8.3.jar:/Users/jayashreehemmige/.m2/repository/org/apache/ant/ant-launcher/1.8.3/ant-launcher-1.8.3.jar:/Users/jayashreehemmige/.m2/repository/org/apache/ant/ant-junit/1.8.3/ant-junit-1.8.3.jar:/Users/jayashreehemmige/.m2/repository/org/mortbay/jetty/servlet-api-2.5/6.1.14/servlet-api-2.5-6.1.14.jar:/Users/jayashreehemmige/.m2/repository/org/mortbay/jetty/jetty/6.1.14/jetty-6.1.14.jar:/Users/jayashreehemmige/.m2/repository/org/mortbay/jetty/jetty-util/6.1.14/jetty-util-6.1.14.jar:/Users/jayashreehemmige/.m2/repository/org/slf4j/slf4j-api/1.7.5/slf4j-api-1.7.5.jar:/Users/jayashreehemmige/.m2/repository/ch/qos/logback/logback-classic/1.0.13/logback-classic-1.0.13.jar:/Users/jayashreehemmige/.m2/repository/ch/qos/logback/logback-core/1.0.13/logback-core-1.0.13.jar:/Users/jayashreehemmige/.m2/repository/org/apache/commons/commons-lang3/3.3.2/commons-lang3-3.3.2.jar:/Users/jayashreehemmige/.m2/repository/io/cucumber/cucumber-java/7.1.0/cucumber-java-7.1.0.jar:/Users/jayashreehemmige/.m2/repository/io/cucumber/cucumber-junit/7.1.0/cucumber-junit-7.1.0.jar:/Users/jayashreehemmige/.m2/repository/io/cucumber/cucumber-jvm-deps/1.0.6/cucumber-jvm-deps-1.0.6.jar:/Users/jayashreehemmige/.m2/repository/net/masterthought/cucumber-reporting/5.6.1/cucumber-reporting-5.6.1.jar:/Users/jayashreehemmige/.m2/repository/com/fasterxml/jackson/core/jackson-databind/2.12.1/jackson-databind-2.12.1.jar:/Users/jayashreehemmige/.m2/repository/com/fasterxml/jackson/core/jackson-annotations/2.12.1/jackson-annotations-2.12.1.jar:/Users/jayashreehemmige/.m2/repository/com/fasterxml/jackson/core/jackson-core/2.12.1/jackson-core-2.12.1.jar:/Users/jayashreehemmige/.m2/repository/com/fasterxml/jackson/datatype/jackson-datatype-jsr310/2.12.1/jackson-datatype-jsr310-2.12.1.jar:/Users/jayashreehemmige/.m2/repository/org/apache/velocity/velocity-engine-core/2.3/velocity-engine-core-2.3.jar:/Users/jayashreehemmige/.m2/repository/commons-collections/commons-collections/3.2.2/commons-collections-3.2.2.jar:/Users/jayashreehemmige/.m2/repository/joda-time/joda-time/2.10.10/joda-time-2.10.10.jar:/Users/jayashreehemmige/.m2/repository/org/codehaus/plexus/plexus-utils/3.3.0/plexus-utils-3.3.0.jar:/Users/jayashreehemmige/.m2/repository/org/jsoup/jsoup/1.14.2/jsoup-1.14.2.jar:/Users/jayashreehemmige/.m2/repository/com/google/guava/guava/30.1.1-jre/guava-30.1.1-jre.jar:/Users/jayashreehemmige/.m2/repository/com/google/guava/failureaccess/1.0.1/failureaccess-1.0.1.jar:/Users/jayashreehemmige/.m2/repository/com/google/guava/listenablefuture/9999.0-empty-to-avoid-conflict-with-guava/listenablefuture-9999.0-empty-to-avoid-conflict-with-guava.jar:/Users/jayashreehemmige/.m2/repository/com/google/code/findbugs/jsr305/3.0.2/jsr305-3.0.2.jar:/Users/jayashreehemmige/.m2/repository/org/checkerframework/checker-qual/3.8.0/checker-qual-3.8.0.jar:/Users/jayashreehemmige/.m2/repository/com/google/errorprone/error_prone_annotations/2.5.1/error_prone_annotations-2.5.1.jar:/Users/jayashreehemmige/.m2/repository/com/google/j2objc/j2objc-annotations/1.3/j2objc-annotations-1.3.jar:/Users/jayashreehemmige/.m2/repository/com/googlecode/owasp-java-html-sanitizer/owasp-java-html-sanitizer/20211018.2/owasp-java-html-sanitizer-20211018.2.jar:/Users/jayashreehemmige/.m2/repository/commons-configuration/commons-configuration/1.10/commons-configuration-1.10.jar:/Users/jayashreehemmige/.m2/repository/commons-lang/commons-lang/2.6/commons-lang-2.6.jar:/Users/jayashreehemmige/.m2/repository/commons-logging/commons-logging/1.1.1/commons-logging-1.1.1.jar:/Users/jayashreehemmige/.m2/repository/org/hamcrest/hamcrest-core/2.2/hamcrest-core-2.2.jar:/Users/jayashreehemmige/.m2/repository/org/hamcrest/hamcrest/2.2/hamcrest-2.2.jar:/Users/jayashreehemmige/.m2/repository/io/cucumber/gherkin/22.0.0/gherkin-22.0.0.jar:/Users/jayashreehemmige/.m2/repository/org/seleniumhq/selenium/selenium-java/4.1.0/selenium-java-4.1.0.jar:/Users/jayashreehemmige/.m2/repository/org/seleniumhq/selenium/selenium-api/4.1.0/selenium-api-4.1.0.jar:/Users/jayashreehemmige/.m2/repository/org/seleniumhq/selenium/selenium-chrome-driver/4.1.0/selenium-chrome-driver-4.1.0.jar:/Users/jayashreehemmige/.m2/repository/com/google/auto/service/auto-service-annotations/1.0.1/auto-service-annotations-1.0.1.jar:/Users/jayashreehemmige/.m2/repository/com/google/auto/service/auto-service/1.0.1/auto-service-1.0.1.jar:/Users/jayashreehemmige/.m2/repository/com/google/auto/auto-common/1.2/auto-common-1.2.jar:/Users/jayashreehemmige/.m2/repository/org/seleniumhq/selenium/selenium-chromium-driver/4.1.0/selenium-chromium-driver-4.1.0.jar:/Users/jayashreehemmige/.m2/repository/org/seleniumhq/selenium/selenium-json/4.1.0/selenium-json-4.1.0.jar:/Users/jayashreehemmige/.m2/repository/org/seleniumhq/selenium/selenium-devtools-v85/4.1.0/selenium-devtools-v85-4.1.0.jar:/Users/jayashreehemmige/.m2/repository/org/seleniumhq/selenium/selenium-devtools-v94/4.1.0/selenium-devtools-v94-4.1.0.jar:/Users/jayashreehemmige/.m2/repository/org/seleniumhq/selenium/selenium-devtools-v95/4.1.0/selenium-devtools-v95-4.1.0.jar:/Users/jayashreehemmige/.m2/repository/org/seleniumhq/selenium/selenium-devtools-v96/4.1.0/selenium-devtools-v96-4.1.0.jar:/Users/jayashreehemmige/.m2/repository/org/seleniumhq/selenium/selenium-edge-driver/4.1.0/selenium-edge-driver-4.1.0.jar:/Users/jayashreehemmige/.m2/repository/org/seleniumhq/selenium/selenium-firefox-driver/4.1.0/selenium-firefox-driver-4.1.0.jar:/Users/jayashreehemmige/.m2/repository/org/seleniumhq/selenium/selenium-firefox-xpi-driver/4.1.0/selenium-firefox-xpi-driver-4.1.0.jar:/Users/jayashreehemmige/.m2/repository/org/seleniumhq/selenium/selenium-ie-driver/4.1.0/selenium-ie-driver-4.1.0.jar:/Users/jayashreehemmige/.m2/repository/org/seleniumhq/selenium/selenium-opera-driver/4.1.0/selenium-opera-driver-4.1.0.jar:/Users/jayashreehemmige/.m2/repository/org/seleniumhq/selenium/selenium-remote-driver/4.1.0/selenium-remote-driver-4.1.0.jar:/Users/jayashreehemmige/.m2/repository/com/beust/jcommander/1.81/jcommander-1.81.jar:/Users/jayashreehemmige/.m2/repository/io/netty/netty-buffer/4.1.69.Final/netty-buffer-4.1.69.Final.jar:/Users/jayashreehemmige/.m2/repository/io/netty/netty-codec-http/4.1.69.Final/netty-codec-http-4.1.69.Final.jar:/Users/jayashreehemmige/.m2/repository/io/netty/netty-codec/4.1.69.Final/netty-codec-4.1.69.Final.jar:/Users/jayashreehemmige/.m2/repository/io/netty/netty-handler/4.1.69.Final/netty-handler-4.1.69.Final.jar:/Users/jayashreehemmige/.m2/repository/io/netty/netty-common/4.1.69.Final/netty-common-4.1.69.Final.jar:/Users/jayashreehemmige/.m2/repository/io/netty/netty-transport-native-epoll/4.1.69.Final/netty-transport-native-epoll-4.1.69.Final.jar:/Users/jayashreehemmige/.m2/repository/io/netty/netty-transport-native-kqueue/4.1.69.Final/netty-transport-native-kqueue-4.1.69.Final.jar:/Users/jayashreehemmige/.m2/repository/io/netty/netty-transport-native-unix-common/4.1.69.Final/netty-transport-native-unix-common-4.1.69.Final.jar:/Users/jayashreehemmige/.m2/repository/io/netty/netty-transport/4.1.69.Final/netty-transport-4.1.69.Final.jar:/Users/jayashreehemmige/.m2/repository/io/netty/netty-resolver/4.1.69.Final/netty-resolver-4.1.69.Final.jar:/Users/jayashreehemmige/.m2/repository/io/opentelemetry/opentelemetry-api/1.9.0/opentelemetry-api-1.9.0.jar:/Users/jayashreehemmige/.m2/repository/io/opentelemetry/opentelemetry-context/1.9.0/opentelemetry-context-1.9.0.jar:/Users/jayashreehemmige/.m2/repository/io/opentelemetry/opentelemetry-exporter-logging/1.9.0/opentelemetry-exporter-logging-1.9.0.jar:/Users/jayashreehemmige/.m2/repository/io/opentelemetry/opentelemetry-sdk-metrics/1.9.0-alpha/opentelemetry-sdk-metrics-1.9.0-alpha.jar:/Users/jayashreehemmige/.m2/repository/io/opentelemetry/opentelemetry-sdk-logs/1.9.0-alpha/opentelemetry-sdk-logs-1.9.0-alpha.jar:/Users/jayashreehemmige/.m2/repository/io/opentelemetry/opentelemetry-sdk-common/1.9.0/opentelemetry-sdk-common-1.9.0.jar:/Users/jayashreehemmige/.m2/repository/io/opentelemetry/opentelemetry-sdk-extension-autoconfigure-spi/1.9.0/opentelemetry-sdk-extension-autoconfigure-spi-1.9.0.jar:/Users/jayashreehemmige/.m2/repository/io/opentelemetry/opentelemetry-sdk-extension-autoconfigure/1.9.0-alpha/opentelemetry-sdk-extension-autoconfigure-1.9.0-alpha.jar:/Users/jayashreehemmige/.m2/repository/io/opentelemetry/opentelemetry-sdk-trace/1.9.0/opentelemetry-sdk-trace-1.9.0.jar:/Users/jayashreehemmige/.m2/repository/io/opentelemetry/opentelemetry-api-metrics/1.9.0-alpha/opentelemetry-api-metrics-1.9.0-alpha.jar:/Users/jayashreehemmige/.m2/repository/io/opentelemetry/opentelemetry-sdk/1.9.0/opentelemetry-sdk-1.9.0.jar:/Users/jayashreehemmige/.m2/repository/io/opentelemetry/opentelemetry-semconv/1.9.0-alpha/opentelemetry-semconv-1.9.0-alpha.jar:/Users/jayashreehemmige/.m2/repository/io/ous/jtoml/2.0.0/jtoml-2.0.0.jar:/Users/jayashreehemmige/.m2/repository/net/bytebuddy/byte-buddy/1.12.1/byte-buddy-1.12.1.jar:/Users/jayashreehemmige/.m2/repository/org/apache/commons/commons-exec/1.3/commons-exec-1.3.jar:/Users/jayashreehemmige/.m2/repository/org/asynchttpclient/async-http-client/2.12.3/async-http-client-2.12.3.jar:/Users/jayashreehemmige/.m2/repository/org/asynchttpclient/async-http-client-netty-utils/2.12.3/async-http-client-netty-utils-2.12.3.jar:/Users/jayashreehemmige/.m2/repository/io/netty/netty-codec-socks/4.1.60.Final/netty-codec-socks-4.1.60.Final.jar:/Users/jayashreehemmige/.m2/repository/io/netty/netty-handler-proxy/4.1.60.Final/netty-handler-proxy-4.1.60.Final.jar:/Users/jayashreehemmige/.m2/repository/io/netty/netty-transport-native-epoll/4.1.60.Final/netty-transport-native-epoll-4.1.60.Final-linux-x86_64.jar:/Users/jayashreehemmige/.m2/repository/io/netty/netty-transport-native-kqueue/4.1.60.Final/netty-transport-native-kqueue-4.1.60.Final-osx-x86_64.jar:/Users/jayashreehemmige/.m2/repository/org/reactivestreams/reactive-streams/1.0.3/reactive-streams-1.0.3.jar:/Users/jayashreehemmige/.m2/repository/com/typesafe/netty/netty-reactive-streams/2.0.4/netty-reactive-streams-2.0.4.jar:/Users/jayashreehemmige/.m2/repository/com/sun/activation/jakarta.activation/1.2.2/jakarta.activation-1.2.2.jar:/Users/jayashreehemmige/.m2/repository/org/seleniumhq/selenium/selenium-http/4.1.0/selenium-http-4.1.0.jar:/Users/jayashreehemmige/.m2/repository/net/jodah/failsafe/2.4.4/failsafe-2.4.4.jar:/Users/jayashreehemmige/.m2/repository/org/seleniumhq/selenium/selenium-safari-driver/4.1.0/selenium-safari-driver-4.1.0.jar:/Users/jayashreehemmige/.m2/repository/org/seleniumhq/selenium/selenium-support/4.1.0/selenium-support-4.1.0.jar:/Library/Java/JavaVirtualMachines/jdk1.8.0_261.jdk/Contents/Home/lib/tools.jar:/Users/jayashreehemmige/.m2/repository/org/testng/testng/6.9.10/testng-6.9.10.jar:/Users/jayashreehemmige/.m2/repository/org/beanshell/bsh/2.0b4/bsh-2.0b4.jar:/Users/jayashreehemmige/.m2/repository/commons-io/commons-io/2.6/commons-io-2.6.jar:"/>
    <property name="java.vm.vendor" value="Oracle Corporation"/>
    <property name="sun.arch.data.model" value="64"/>
    <property name="java.vendor.url" value="http://java.oracle.com/"/>
    <property name="user.timezone" value="Asia/Kolkata"/>
    <property name="java.vm.specification.version" value="1.8"/>
    <property name="os.name" value="Mac OS X"/>
    <property name="user.country" value="US"/>
    <property name="sun.java.launcher" value="SUN_STANDARD"/>
    <property name="sun.boot.library.path" value="/Library/Java/JavaVirtualMachines/jdk1.8.0_261.jdk/Contents/Home/jre/lib"/>
    <property name="sun.java.command" value="/Users/jayashreehemmige/eclipse-workspace/cucumber_nop_ecommerce_maven/target/surefire/surefirebooter6963050524114028919.jar /Users/jayashreehemmige/eclipse-workspace/cucumber_nop_ecommerce_maven/target/surefire 2021-12-10T15-47-29_752-jvmRun1 surefire6711373140886385508tmp surefire_06518311080836524219tmp"/>
    <property name="http.nonProxyHosts" value="local|*.local|169.254/16|*.169.254/16"/>
    <property name="surefire.test.class.path" value="/Users/jayashreehemmige/eclipse-workspace/cucumber_nop_ecommerce_maven/target/test-classes:/Users/jayashreehemmige/eclipse-workspace/cucumber_nop_ecommerce_maven/target/classes:/Users/jayashreehemmige/.m2/repository/junit/junit/4.11/junit-4.11.jar:/Users/jayashreehemmige/.m2/repository/log4j/log4j/1.2.17/log4j-1.2.17.jar:/Users/jayashreehemmige/.m2/repository/org/apache/maven/plugins/maven-surefire-plugin/3.0.0-M5/maven-surefire-plugin-3.0.0-M5.jar:/Users/jayashreehemmige/.m2/repository/org/apache/maven/surefire/maven-surefire-common/3.0.0-M5/maven-surefire-common-3.0.0-M5.jar:/Users/jayashreehemmige/.m2/repository/org/apache/maven/surefire/surefire-api/3.0.0-M5/surefire-api-3.0.0-M5.jar:/Users/jayashreehemmige/.m2/repository/org/apache/maven/surefire/surefire-logger-api/3.0.0-M5/surefire-logger-api-3.0.0-M5.jar:/Users/jayashreehemmige/.m2/repository/org/apache/maven/surefire/surefire-extensions-api/3.0.0-M5/surefire-extensions-api-3.0.0-M5.jar:/Users/jayashreehemmige/.m2/repository/org/apache/maven/surefire/surefire-booter/3.0.0-M5/surefire-booter-3.0.0-M5.jar:/Users/jayashreehemmige/.m2/repository/org/apache/maven/surefire/surefire-extensions-spi/3.0.0-M5/surefire-extensions-spi-3.0.0-M5.jar:/Users/jayashreehemmige/.m2/repository/org/apache/maven/maven-toolchain/3.0-alpha-2/maven-toolchain-3.0-alpha-2.jar:/Users/jayashreehemmige/.m2/repository/org/apache/maven/shared/maven-artifact-transfer/0.11.0/maven-artifact-transfer-0.11.0.jar:/Users/jayashreehemmige/.m2/repository/org/apache/maven/shared/maven-common-artifact-filters/3.0.1/maven-common-artifact-filters-3.0.1.jar:/Users/jayashreehemmige/.m2/repository/org/apache/maven/maven-model/3.0/maven-model-3.0.jar:/Users/jayashreehemmige/.m2/repository/org/apache/maven/maven-plugin-api/3.0/maven-plugin-api-3.0.jar:/Users/jayashreehemmige/.m2/repository/org/sonatype/sisu/sisu-inject-plexus/1.4.2/sisu-inject-plexus-1.4.2.jar:/Users/jayashreehemmige/.m2/repository/org/codehaus/plexus/plexus-classworlds/2.2.3/plexus-classworlds-2.2.3.jar:/Users/jayashreehemmige/.m2/repository/org/sonatype/sisu/sisu-inject-bean/1.4.2/sisu-inject-bean-1.4.2.jar:/Users/jayashreehemmige/.m2/repository/org/sonatype/sisu/sisu-guice/2.1.7/sisu-guice-2.1.7-noaop.jar:/Users/jayashreehemmige/.m2/repository/org/apache/maven/shared/maven-shared-utils/3.1.0/maven-shared-utils-3.1.0.jar:/Users/jayashreehemmige/.m2/repository/commons-codec/commons-codec/1.11/commons-codec-1.11.jar:/Users/jayashreehemmige/.m2/repository/org/codehaus/plexus/plexus-java/1.0.5/plexus-java-1.0.5.jar:/Users/jayashreehemmige/.m2/repository/com/thoughtworks/qdox/qdox/2.0-M9/qdox-2.0-M9.jar:/Users/jayashreehemmige/.m2/repository/org/apache/maven/surefire/surefire-shared-utils/3.0.0-M4/surefire-shared-utils-3.0.0-M4.jar:/Users/jayashreehemmige/.m2/repository/io/cucumber/cucumber-core/7.1.0/cucumber-core-7.1.0.jar:/Users/jayashreehemmige/.m2/repository/io/cucumber/cucumber-gherkin/7.1.0/cucumber-gherkin-7.1.0.jar:/Users/jayashreehemmige/.m2/repository/io/cucumber/cucumber-gherkin-messages/7.1.0/cucumber-gherkin-messages-7.1.0.jar:/Users/jayashreehemmige/.m2/repository/io/cucumber/messages/17.1.1/messages-17.1.1.jar:/Users/jayashreehemmige/.m2/repository/io/cucumber/tag-expressions/4.1.0/tag-expressions-4.1.0.jar:/Users/jayashreehemmige/.m2/repository/io/cucumber/cucumber-expressions/13.0.1/cucumber-expressions-13.0.1.jar:/Users/jayashreehemmige/.m2/repository/io/cucumber/datatable/7.1.0/datatable-7.1.0.jar:/Users/jayashreehemmige/.m2/repository/io/cucumber/cucumber-plugin/7.1.0/cucumber-plugin-7.1.0.jar:/Users/jayashreehemmige/.m2/repository/io/cucumber/docstring/7.1.0/docstring-7.1.0.jar:/Users/jayashreehemmige/.m2/repository/io/cucumber/html-formatter/17.0.0/html-formatter-17.0.0.jar:/Users/jayashreehemmige/.m2/repository/io/cucumber/create-meta/6.0.4/create-meta-6.0.4.jar:/Users/jayashreehemmige/.m2/repository/org/apiguardian/apiguardian-api/1.1.2/apiguardian-api-1.1.2.jar:/Users/jayashreehemmige/.m2/repository/io/cucumber/cucumber-html/0.2.7/cucumber-html-0.2.7.jar:/Users/jayashreehemmige/.m2/repository/net/sourceforge/cobertura/cobertura/2.1.1/cobertura-2.1.1.jar:/Users/jayashreehemmige/.m2/repository/org/ow2/asm/asm/5.0.1/asm-5.0.1.jar:/Users/jayashreehemmige/.m2/repository/org/ow2/asm/asm-tree/5.0.1/asm-tree-5.0.1.jar:/Users/jayashreehemmige/.m2/repository/org/ow2/asm/asm-commons/5.0.1/asm-commons-5.0.1.jar:/Users/jayashreehemmige/.m2/repository/org/ow2/asm/asm-util/5.0.1/asm-util-5.0.1.jar:/Users/jayashreehemmige/.m2/repository/org/ow2/asm/asm-analysis/5.0.1/asm-analysis-5.0.1.jar:/Users/jayashreehemmige/.m2/repository/oro/oro/2.0.8/oro-2.0.8.jar:/Users/jayashreehemmige/.m2/repository/jaxen/jaxen/1.1.4/jaxen-1.1.4.jar:/Users/jayashreehemmige/.m2/repository/org/apache/ant/ant/1.8.3/ant-1.8.3.jar:/Users/jayashreehemmige/.m2/repository/org/apache/ant/ant-launcher/1.8.3/ant-launcher-1.8.3.jar:/Users/jayashreehemmige/.m2/repository/org/apache/ant/ant-junit/1.8.3/ant-junit-1.8.3.jar:/Users/jayashreehemmige/.m2/repository/org/mortbay/jetty/servlet-api-2.5/6.1.14/servlet-api-2.5-6.1.14.jar:/Users/jayashreehemmige/.m2/repository/org/mortbay/jetty/jetty/6.1.14/jetty-6.1.14.jar:/Users/jayashreehemmige/.m2/repository/org/mortbay/jetty/jetty-util/6.1.14/jetty-util-6.1.14.jar:/Users/jayashreehemmige/.m2/repository/org/slf4j/slf4j-api/1.7.5/slf4j-api-1.7.5.jar:/Users/jayashreehemmige/.m2/repository/ch/qos/logback/logback-classic/1.0.13/logback-classic-1.0.13.jar:/Users/jayashreehemmige/.m2/repository/ch/qos/logback/logback-core/1.0.13/logback-core-1.0.13.jar:/Users/jayashreehemmige/.m2/repository/org/apache/commons/commons-lang3/3.3.2/commons-lang3-3.3.2.jar:/Users/jayashreehemmige/.m2/repository/io/cucumber/cucumber-java/7.1.0/cucumber-java-7.1.0.jar:/Users/jayashreehemmige/.m2/repository/io/cucumber/cucumber-junit/7.1.0/cucumber-junit-7.1.0.jar:/Users/jayashreehemmige/.m2/repository/io/cucumber/cucumber-jvm-deps/1.0.6/cucumber-jvm-deps-1.0.6.jar:/Users/jayashreehemmige/.m2/repository/net/masterthought/cucumber-reporting/5.6.1/cucumber-reporting-5.6.1.jar:/Users/jayashreehemmige/.m2/repository/com/fasterxml/jackson/core/jackson-databind/2.12.1/jackson-databind-2.12.1.jar:/Users/jayashreehemmige/.m2/repository/com/fasterxml/jackson/core/jackson-annotations/2.12.1/jackson-annotations-2.12.1.jar:/Users/jayashreehemmige/.m2/repository/com/fasterxml/jackson/core/jackson-core/2.12.1/jackson-core-2.12.1.jar:/Users/jayashreehemmige/.m2/repository/com/fasterxml/jackson/datatype/jackson-datatype-jsr310/2.12.1/jackson-datatype-jsr310-2.12.1.jar:/Users/jayashreehemmige/.m2/repository/org/apache/velocity/velocity-engine-core/2.3/velocity-engine-core-2.3.jar:/Users/jayashreehemmige/.m2/repository/commons-collections/commons-collections/3.2.2/commons-collections-3.2.2.jar:/Users/jayashreehemmige/.m2/repository/joda-time/joda-time/2.10.10/joda-time-2.10.10.jar:/Users/jayashreehemmige/.m2/repository/org/codehaus/plexus/plexus-utils/3.3.0/plexus-utils-3.3.0.jar:/Users/jayashreehemmige/.m2/repository/org/jsoup/jsoup/1.14.2/jsoup-1.14.2.jar:/Users/jayashreehemmige/.m2/repository/com/google/guava/guava/30.1.1-jre/guava-30.1.1-jre.jar:/Users/jayashreehemmige/.m2/repository/com/google/guava/failureaccess/1.0.1/failureaccess-1.0.1.jar:/Users/jayashreehemmige/.m2/repository/com/google/guava/listenablefuture/9999.0-empty-to-avoid-conflict-with-guava/listenablefuture-9999.0-empty-to-avoid-conflict-with-guava.jar:/Users/jayashreehemmige/.m2/repository/com/google/code/findbugs/jsr305/3.0.2/jsr305-3.0.2.jar:/Users/jayashreehemmige/.m2/repository/org/checkerframework/checker-qual/3.8.0/checker-qual-3.8.0.jar:/Users/jayashreehemmige/.m2/repository/com/google/errorprone/error_prone_annotations/2.5.1/error_prone_annotations-2.5.1.jar:/Users/jayashreehemmige/.m2/repository/com/google/j2objc/j2objc-annotations/1.3/j2objc-annotations-1.3.jar:/Users/jayashreehemmige/.m2/repository/com/googlecode/owasp-java-html-sanitizer/owasp-java-html-sanitizer/20211018.2/owasp-java-html-sanitizer-20211018.2.jar:/Users/jayashreehemmige/.m2/repository/commons-configuration/commons-configuration/1.10/commons-configuration-1.10.jar:/Users/jayashreehemmige/.m2/repository/commons-lang/commons-lang/2.6/commons-lang-2.6.jar:/Users/jayashreehemmige/.m2/repository/commons-logging/commons-logging/1.1.1/commons-logging-1.1.1.jar:/Users/jayashreehemmige/.m2/repository/org/hamcrest/hamcrest-core/2.2/hamcrest-core-2.2.jar:/Users/jayashreehemmige/.m2/repository/org/hamcrest/hamcrest/2.2/hamcrest-2.2.jar:/Users/jayashreehemmige/.m2/repository/io/cucumber/gherkin/22.0.0/gherkin-22.0.0.jar:/Users/jayashreehemmige/.m2/repository/org/seleniumhq/selenium/selenium-java/4.1.0/selenium-java-4.1.0.jar:/Users/jayashreehemmige/.m2/repository/org/seleniumhq/selenium/selenium-api/4.1.0/selenium-api-4.1.0.jar:/Users/jayashreehemmige/.m2/repository/org/seleniumhq/selenium/selenium-chrome-driver/4.1.0/selenium-chrome-driver-4.1.0.jar:/Users/jayashreehemmige/.m2/repository/com/google/auto/service/auto-service-annotations/1.0.1/auto-service-annotations-1.0.1.jar:/Users/jayashreehemmige/.m2/repository/com/google/auto/service/auto-service/1.0.1/auto-service-1.0.1.jar:/Users/jayashreehemmige/.m2/repository/com/google/auto/auto-common/1.2/auto-common-1.2.jar:/Users/jayashreehemmige/.m2/repository/org/seleniumhq/selenium/selenium-chromium-driver/4.1.0/selenium-chromium-driver-4.1.0.jar:/Users/jayashreehemmige/.m2/repository/org/seleniumhq/selenium/selenium-json/4.1.0/selenium-json-4.1.0.jar:/Users/jayashreehemmige/.m2/repository/org/seleniumhq/selenium/selenium-devtools-v85/4.1.0/selenium-devtools-v85-4.1.0.jar:/Users/jayashreehemmige/.m2/repository/org/seleniumhq/selenium/selenium-devtools-v94/4.1.0/selenium-devtools-v94-4.1.0.jar:/Users/jayashreehemmige/.m2/repository/org/seleniumhq/selenium/selenium-devtools-v95/4.1.0/selenium-devtools-v95-4.1.0.jar:/Users/jayashreehemmige/.m2/repository/org/seleniumhq/selenium/selenium-devtools-v96/4.1.0/selenium-devtools-v96-4.1.0.jar:/Users/jayashreehemmige/.m2/repository/org/seleniumhq/selenium/selenium-edge-driver/4.1.0/selenium-edge-driver-4.1.0.jar:/Users/jayashreehemmige/.m2/repository/org/seleniumhq/selenium/selenium-firefox-driver/4.1.0/selenium-firefox-driver-4.1.0.jar:/Users/jayashreehemmige/.m2/repository/org/seleniumhq/selenium/selenium-firefox-xpi-driver/4.1.0/selenium-firefox-xpi-driver-4.1.0.jar:/Users/jayashreehemmige/.m2/repository/org/seleniumhq/selenium/selenium-ie-driver/4.1.0/selenium-ie-driver-4.1.0.jar:/Users/jayashreehemmige/.m2/repository/org/seleniumhq/selenium/selenium-opera-driver/4.1.0/selenium-opera-driver-4.1.0.jar:/Users/jayashreehemmige/.m2/repository/org/seleniumhq/selenium/selenium-remote-driver/4.1.0/selenium-remote-driver-4.1.0.jar:/Users/jayashreehemmige/.m2/repository/com/beust/jcommander/1.81/jcommander-1.81.jar:/Users/jayashreehemmige/.m2/repository/io/netty/netty-buffer/4.1.69.Final/netty-buffer-4.1.69.Final.jar:/Users/jayashreehemmige/.m2/repository/io/netty/netty-codec-http/4.1.69.Final/netty-codec-http-4.1.69.Final.jar:/Users/jayashreehemmige/.m2/repository/io/netty/netty-codec/4.1.69.Final/netty-codec-4.1.69.Final.jar:/Users/jayashreehemmige/.m2/repository/io/netty/netty-handler/4.1.69.Final/netty-handler-4.1.69.Final.jar:/Users/jayashreehemmige/.m2/repository/io/netty/netty-common/4.1.69.Final/netty-common-4.1.69.Final.jar:/Users/jayashreehemmige/.m2/repository/io/netty/netty-transport-native-epoll/4.1.69.Final/netty-transport-native-epoll-4.1.69.Final.jar:/Users/jayashreehemmige/.m2/repository/io/netty/netty-transport-native-kqueue/4.1.69.Final/netty-transport-native-kqueue-4.1.69.Final.jar:/Users/jayashreehemmige/.m2/repository/io/netty/netty-transport-native-unix-common/4.1.69.Final/netty-transport-native-unix-common-4.1.69.Final.jar:/Users/jayashreehemmige/.m2/repository/io/netty/netty-transport/4.1.69.Final/netty-transport-4.1.69.Final.jar:/Users/jayashreehemmige/.m2/repository/io/netty/netty-resolver/4.1.69.Final/netty-resolver-4.1.69.Final.jar:/Users/jayashreehemmige/.m2/repository/io/opentelemetry/opentelemetry-api/1.9.0/opentelemetry-api-1.9.0.jar:/Users/jayashreehemmige/.m2/repository/io/opentelemetry/opentelemetry-context/1.9.0/opentelemetry-context-1.9.0.jar:/Users/jayashreehemmige/.m2/repository/io/opentelemetry/opentelemetry-exporter-logging/1.9.0/opentelemetry-exporter-logging-1.9.0.jar:/Users/jayashreehemmige/.m2/repository/io/opentelemetry/opentelemetry-sdk-metrics/1.9.0-alpha/opentelemetry-sdk-metrics-1.9.0-alpha.jar:/Users/jayashreehemmige/.m2/repository/io/opentelemetry/opentelemetry-sdk-logs/1.9.0-alpha/opentelemetry-sdk-logs-1.9.0-alpha.jar:/Users/jayashreehemmige/.m2/repository/io/opentelemetry/opentelemetry-sdk-common/1.9.0/opentelemetry-sdk-common-1.9.0.jar:/Users/jayashreehemmige/.m2/repository/io/opentelemetry/opentelemetry-sdk-extension-autoconfigure-spi/1.9.0/opentelemetry-sdk-extension-autoconfigure-spi-1.9.0.jar:/Users/jayashreehemmige/.m2/repository/io/opentelemetry/opentelemetry-sdk-extension-autoconfigure/1.9.0-alpha/opentelemetry-sdk-extension-autoconfigure-1.9.0-alpha.jar:/Users/jayashreehemmige/.m2/repository/io/opentelemetry/opentelemetry-sdk-trace/1.9.0/opentelemetry-sdk-trace-1.9.0.jar:/Users/jayashreehemmige/.m2/repository/io/opentelemetry/opentelemetry-api-metrics/1.9.0-alpha/opentelemetry-api-metrics-1.9.0-alpha.jar:/Users/jayashreehemmige/.m2/repository/io/opentelemetry/opentelemetry-sdk/1.9.0/opentelemetry-sdk-1.9.0.jar:/Users/jayashreehemmige/.m2/repository/io/opentelemetry/opentelemetry-semconv/1.9.0-alpha/opentelemetry-semconv-1.9.0-alpha.jar:/Users/jayashreehemmige/.m2/repository/io/ous/jtoml/2.0.0/jtoml-2.0.0.jar:/Users/jayashreehemmige/.m2/repository/net/bytebuddy/byte-buddy/1.12.1/byte-buddy-1.12.1.jar:/Users/jayashreehemmige/.m2/repository/org/apache/commons/commons-exec/1.3/commons-exec-1.3.jar:/Users/jayashreehemmige/.m2/repository/org/asynchttpclient/async-http-client/2.12.3/async-http-client-2.12.3.jar:/Users/jayashreehemmige/.m2/repository/org/asynchttpclient/async-http-client-netty-utils/2.12.3/async-http-client-netty-utils-2.12.3.jar:/Users/jayashreehemmige/.m2/repository/io/netty/netty-codec-socks/4.1.60.Final/netty-codec-socks-4.1.60.Final.jar:/Users/jayashreehemmige/.m2/repository/io/netty/netty-handler-proxy/4.1.60.Final/netty-handler-proxy-4.1.60.Final.jar:/Users/jayashreehemmige/.m2/repository/io/netty/netty-transport-native-epoll/4.1.60.Final/netty-transport-native-epoll-4.1.60.Final-linux-x86_64.jar:/Users/jayashreehemmige/.m2/repository/io/netty/netty-transport-native-kqueue/4.1.60.Final/netty-transport-native-kqueue-4.1.60.Final-osx-x86_64.jar:/Users/jayashreehemmige/.m2/repository/org/reactivestreams/reactive-streams/1.0.3/reactive-streams-1.0.3.jar:/Users/jayashreehemmige/.m2/repository/com/typesafe/netty/netty-reactive-streams/2.0.4/netty-reactive-streams-2.0.4.jar:/Users/jayashreehemmige/.m2/repository/com/sun/activation/jakarta.activation/1.2.2/jakarta.activation-1.2.2.jar:/Users/jayashreehemmige/.m2/repository/org/seleniumhq/selenium/selenium-http/4.1.0/selenium-http-4.1.0.jar:/Users/jayashreehemmige/.m2/repository/net/jodah/failsafe/2.4.4/failsafe-2.4.4.jar:/Users/jayashreehemmige/.m2/repository/org/seleniumhq/selenium/selenium-safari-driver/4.1.0/selenium-safari-driver-4.1.0.jar:/Users/jayashreehemmige/.m2/repository/org/seleniumhq/selenium/selenium-support/4.1.0/selenium-support-4.1.0.jar:/Library/Java/JavaVirtualMachines/jdk1.8.0_261.jdk/Contents/Home/lib/tools.jar:/Users/jayashreehemmige/.m2/repository/org/testng/testng/6.9.10/testng-6.9.10.jar:/Users/jayashreehemmige/.m2/repository/org/beanshell/bsh/2.0b4/bsh-2.0b4.jar:/Users/jayashreehemmige/.m2/repository/commons-io/commons-io/2.6/commons-io-2.6.jar:"/>
    <property name="sun.cpu.endian" value="little"/>
    <property name="user.home" value="/Users/jayashreehemmige"/>
    <property name="user.language" value="en"/>
    <property name="java.specification.vendor" value="Oracle Corporation"/>
    <property name="java.home" value="/Library/Java/JavaVirtualMachines/jdk1.8.0_261.jdk/Contents/Home/jre"/>
    <property name="basedir" value="/Users/jayashreehemmige/eclipse-workspace/cucumber_nop_ecommerce_maven"/>
    <property name="file.separator" value="/"/>
    <property name="line.separator" value="&#10;"/>
    <property name="java.vm.specification.vendor" value="Oracle Corporation"/>
    <property name="java.specification.name" value="Java Platform API Specification"/>
    <property name="java.awt.graphicsenv" value="sun.awt.CGraphicsEnvironment"/>
    <property name="surefire.real.class.path" value="/Users/jayashreehemmige/eclipse-workspace/cucumber_nop_ecommerce_maven/target/surefire/surefirebooter6963050524114028919.jar"/>
    <property name="sun.boot.class.path" value="/Library/Java/JavaVirtualMachines/jdk1.8.0_261.jdk/Contents/Home/jre/lib/resources.jar:/Library/Java/JavaVirtualMachines/jdk1.8.0_261.jdk/Contents/Home/jre/lib/rt.jar:/Library/Java/JavaVirtualMachines/jdk1.8.0_261.jdk/Contents/Home/jre/lib/sunrsasign.jar:/Library/Java/JavaVirtualMachines/jdk1.8.0_261.jdk/Contents/Home/jre/lib/jsse.jar:/Library/Java/JavaVirtualMachines/jdk1.8.0_261.jdk/Contents/Home/jre/lib/jce.jar:/Library/Java/JavaVirtualMachines/jdk1.8.0_261.jdk/Contents/Home/jre/lib/charsets.jar:/Library/Java/JavaVirtualMachines/jdk1.8.0_261.jdk/Contents/Home/jre/lib/jfr.jar:/Library/Java/JavaVirtualMachines/jdk1.8.0_261.jdk/Contents/Home/jre/classes"/>
    <property name="sun.management.compiler" value="HotSpot 64-Bit Tiered Compilers"/>
    <property name="ftp.nonProxyHosts" value="local|*.local|169.254/16|*.169.254/16"/>
    <property name="java.runtime.version" value="1.8.0_261-b12"/>
    <property name="user.name" value="jayashreehemmige"/>
    <property name="path.separator" value=":"/>
    <property name="os.version" value="10.15.7"/>
    <property name="java.endorsed.dirs" value="/Library/Java/JavaVirtualMachines/jdk1.8.0_261.jdk/Contents/Home/jre/lib/endorsed"/>
    <property name="java.runtime.name" value="Java(TM) SE Runtime Environment"/>
    <property name="file.encoding" value="UTF-8"/>
    <property name="sun.nio.ch.bugLevel" value=""/>
    <property name="java.vm.name" value="Java HotSpot(TM) 64-Bit Server VM"/>
    <property name="localRepository" value="/Users/jayashreehemmige/.m2/repository"/>
    <property name="java.vendor.url.bug" value="http://bugreport.sun.com/bugreport/"/>
    <property name="java.io.tmpdir" value="/var/folders/q2/b983rsb13pnb1vmb99g59n500000gn/T/"/>
    <property name="java.version" value="1.8.0_261"/>
    <property name="user.dir" value="/Users/jayashreehemmige/eclipse-workspace/cucumber_nop_ecommerce_maven"/>
    <property name="os.arch" value="x86_64"/>
    <property name="java.vm.specification.name" value="Java Virtual Machine Specification"/>
    <property name="java.awt.printerjob" value="sun.lwawt.macosx.CPrinterJob"/>
    <property name="sun.os.patch.level" value="unknown"/>
    <property name="java.library.path" value="/Users/jayashreehemmige/Library/Java/Extensions:/Library/Java/Extensions:/Network/Library/Java/Extensions:/System/Library/Java/Extensions:/usr/lib/java:."/>
    <property name="java.vm.info" value="mixed mode"/>
    <property name="java.vendor" value="Oracle Corporation"/>
    <property name="java.vm.version" value="25.261-b12"/>
    <property name="java.ext.dirs" value="/Users/jayashreehemmige/Library/Java/Extensions:/Library/Java/JavaVirtualMachines/jdk1.8.0_261.jdk/Contents/Home/jre/lib/ext:/Library/Java/Extensions:/Network/Library/Java/Extensions:/System/Library/Java/Extensions:/usr/lib/java"/>
    <property name="sun.io.unicode.encoding" value="UnicodeBig"/>
    <property name="java.class.version" value="52.0"/>
    <property name="socksNonProxyHosts" value="local|*.local|169.254/16|*.169.254/16"/>
  </properties>
</testsuite>